<?xml version="1.0" encoding="UTF-8"?>
<!-- Generated by org.testng.reporters.JUnitReportReporter -->
<testsuite hostname="VTIPL-C-PC870" failures="0" tests="1" name="alerts.alertsSel" time="10.519" errors="0" timestamp="2024-04-02T10:56:12 IST" skipped="0">
  <testcase classname="alerts.alertsSel" name="alertTest" time="10.519"/>
</testsuite> <!-- alerts.alertsSel -->
